{"level":"info","message":"Loading Mongoose functionality","timestamp":"2017-12-04T06:36:07.781Z"}
{"level":"info","message":"Starting application","timestamp":"2017-12-04T06:36:10.377Z"}
{"level":"info","message":"Mongoose connected to the database","timestamp":"2017-12-04T06:36:10.446Z"}
{"level":"info","message":"Request from ::1","timestamp":"2017-12-04T06:36:27.573Z"}
{"level":"verbose","message":"Create user","timestamp":"2017-12-04T06:36:27.613Z"}
{"level":"info","message":"Loading Mongoose functionality","timestamp":"2017-12-04T06:38:15.761Z"}
{"level":"info","message":"Starting application","timestamp":"2017-12-04T06:38:16.381Z"}
{"level":"info","message":"Mongoose connected to the database","timestamp":"2017-12-04T06:38:16.461Z"}
{"level":"info","message":"Loading Mongoose functionality","timestamp":"2017-12-04T06:40:24.461Z"}
{"level":"info","message":"Starting application","timestamp":"2017-12-04T06:40:24.814Z"}
{"level":"info","message":"Mongoose connected to the database","timestamp":"2017-12-04T06:40:24.887Z"}
{"level":"info","message":"Request from ::1","timestamp":"2017-12-04T06:41:14.547Z"}
{"level":"verbose","message":"Create user","timestamp":"2017-12-04T06:41:14.607Z"}
{"level":"info","message":"Request from ::1","timestamp":"2017-12-04T06:41:24.119Z"}
{"level":"verbose","message":"Get all users","timestamp":"2017-12-04T06:41:24.124Z"}
{"level":"info","message":"Request from ::1","timestamp":"2017-12-04T06:45:10.433Z"}
{"level":"verbose","message":"Create a picture","timestamp":"2017-12-04T06:45:10.435Z"}
{"level":"info","message":"Request from ::1","timestamp":"2017-12-04T06:45:30.299Z"}
{"level":"info","message":"Request from ::1","timestamp":"2017-12-04T06:45:33.665Z"}
{"level":"info","message":"Request from ::1","timestamp":"2017-12-04T06:45:34.776Z"}
{"level":"info","message":"Request from ::1","timestamp":"2017-12-04T06:45:35.945Z"}
{"level":"info","message":"Request from ::1","timestamp":"2017-12-04T06:46:21.964Z"}
{"level":"verbose","message":"Create user","timestamp":"2017-12-04T06:46:21.965Z"}
{"level":"error","message":"WriteError({\"code\":11000,\"index\":0,\"errmsg\":\"E11000 duplicate key error collection: todo-dev.users index: email_1 dup key: { : \\\"padma@g.com\\\" }\",\"op\":{\"firstName\":\"padma\",\"lastName\":\"lokhande\",\"email\":\"padma@g.com\",\"password\":\"$2a$10$GJfqAwVx6L9Seaana4x2nehuL1CpbypbqluyCCorYNSDTv0jJfY2a\",\"_id\":\"5a24ef3dac396d2a3c8486b5\",\"Status\":true,\"dateregistered\":\"2017-12-04T06:46:21.965Z\",\"__v\":0}})\n    at Function.MongoError.create (C:\\ReshmaJadhav\\810\\myPics\\Server\\node_modules\\mongodb-core\\lib\\error.js:31:11)\n    at toError (C:\\ReshmaJadhav\\810\\myPics\\Server\\node_modules\\mongodb\\lib\\utils.js:139:22)\n    at C:\\ReshmaJadhav\\810\\myPics\\Server\\node_modules\\mongodb\\lib\\collection.js:668:23\n    at handleCallback (C:\\ReshmaJadhav\\810\\myPics\\Server\\node_modules\\mongodb\\lib\\utils.js:120:56)\n    at C:\\ReshmaJadhav\\810\\myPics\\Server\\node_modules\\mongodb\\lib\\bulk\\unordered.js:465:9\n    at handleCallback (C:\\ReshmaJadhav\\810\\myPics\\Server\\node_modules\\mongodb\\lib\\utils.js:120:56)\n    at resultHandler (C:\\ReshmaJadhav\\810\\myPics\\Server\\node_modules\\mongodb\\lib\\bulk\\unordered.js:413:5)\n    at C:\\ReshmaJadhav\\810\\myPics\\Server\\node_modules\\mongodb-core\\lib\\connection\\pool.js:469:18\n    at _combinedTickCallback (internal/process/next_tick.js:73:7)\n    at process._tickCallback (internal/process/next_tick.js:104:9)\nFrom previous event:\n    at model.wrappedPointCut [as save] (C:\\ReshmaJadhav\\810\\myPics\\Server\\node_modules\\mongoose\\lib\\services\\model\\applyHooks.js:131:23)\n    at C:\\ReshmaJadhav\\810\\myPics\\Server\\app\\controllers\\users.js:52:14\n    at Layer.handle [as handle_request] (C:\\ReshmaJadhav\\810\\myPics\\Server\\node_modules\\express\\lib\\router\\layer.js:95:5)\n    at next (C:\\ReshmaJadhav\\810\\myPics\\Server\\node_modules\\express\\lib\\router\\route.js:137:13)\n    at Route.dispatch (C:\\ReshmaJadhav\\810\\myPics\\Server\\node_modules\\express\\lib\\router\\route.js:112:3)\n    at Layer.handle [as handle_request] (C:\\ReshmaJadhav\\810\\myPics\\Server\\node_modules\\express\\lib\\router\\layer.js:95:5)\n    at C:\\ReshmaJadhav\\810\\myPics\\Server\\node_modules\\express\\lib\\router\\index.js:281:22\n    at Function.process_params (C:\\ReshmaJadhav\\810\\myPics\\Server\\node_modules\\express\\lib\\router\\index.js:335:12)\n    at next (C:\\ReshmaJadhav\\810\\myPics\\Server\\node_modules\\express\\lib\\router\\index.js:275:10)\n    at Function.handle (C:\\ReshmaJadhav\\810\\myPics\\Server\\node_modules\\express\\lib\\router\\index.js:174:3)\n    at router (C:\\ReshmaJadhav\\810\\myPics\\Server\\node_modules\\express\\lib\\router\\index.js:47:12)\n    at Layer.handle [as handle_request] (C:\\ReshmaJadhav\\810\\myPics\\Server\\node_modules\\express\\lib\\router\\layer.js:95:5)\n    at trim_prefix (C:\\ReshmaJadhav\\810\\myPics\\Server\\node_modules\\express\\lib\\router\\index.js:317:13)\n    at C:\\ReshmaJadhav\\810\\myPics\\Server\\node_modules\\express\\lib\\router\\index.js:284:7\n    at Function.process_params (C:\\ReshmaJadhav\\810\\myPics\\Server\\node_modules\\express\\lib\\router\\index.js:335:12)\n    at next (C:\\ReshmaJadhav\\810\\myPics\\Server\\node_modules\\express\\lib\\router\\index.js:275:10)\n    at C:\\ReshmaJadhav\\810\\myPics\\Server\\node_modules\\express\\lib\\router\\index.js:635:15\n    at next (C:\\ReshmaJadhav\\810\\myPics\\Server\\node_modules\\express\\lib\\router\\index.js:260:14)\n    at Function.handle (C:\\ReshmaJadhav\\810\\myPics\\Server\\node_modules\\express\\lib\\router\\index.js:174:3)","timestamp":"2017-12-04T06:46:22.204Z"}
{"level":"info","message":"Request from ::1","timestamp":"2017-12-04T06:46:32.526Z"}
{"level":"verbose","message":"Get all users","timestamp":"2017-12-04T06:46:32.527Z"}
{"level":"info","message":"Request from ::1","timestamp":"2017-12-04T06:46:53.660Z"}
{"level":"verbose","message":"Get user5a24ee0aac396d2a3c8486b3","timestamp":"2017-12-04T06:46:53.662Z"}
{"level":"info","message":"Request from ::1","timestamp":"2017-12-04T06:48:43.309Z"}
{"level":"verbose","message":"Get Pictures for a user","timestamp":"2017-12-04T06:48:43.310Z"}
{"level":"info","message":"Request from ::1","timestamp":"2017-12-04T06:49:00.460Z"}
{"level":"verbose","message":"Get user5a24eef6ac396d2a3c8486b4","timestamp":"2017-12-04T06:49:00.461Z"}
{"level":"info","message":"Loading Mongoose functionality","timestamp":"2017-12-04T17:03:27.248Z"}
{"level":"info","message":"Starting application","timestamp":"2017-12-04T17:03:30.036Z"}
{"level":"info","message":"Mongoose connected to the database","timestamp":"2017-12-04T17:03:30.214Z"}
{"level":"info","message":"Loading Mongoose functionality","timestamp":"2017-12-04T17:59:35.926Z"}
{"level":"info","message":"Starting application","timestamp":"2017-12-04T17:59:36.278Z"}
{"level":"info","message":"Mongoose connected to the database","timestamp":"2017-12-04T17:59:36.323Z"}
