0 info it worked if it ends with ok
1 verbose cli [ 'C:\\Program Files\\nodejs\\node.exe',
1 verbose cli   'C:\\Program Files\\nodejs\\node_modules\\npm\\bin\\npm-cli.js',
1 verbose cli   'install',
1 verbose cli   'cors',
1 verbose cli   '–-s' ]
2 info using npm@3.10.10
3 info using node@v6.11.3
4 silly loadCurrentTree Starting
5 silly install loadCurrentTree
6 silly install readLocalPackageData
7 silly fetchPackageMetaData cors
8 silly fetchPackageMetaData –-s
9 silly fetchNamedPackageData cors
10 silly mapToRegistry name cors
11 silly mapToRegistry using default registry
12 silly mapToRegistry registry https://registry.npmjs.org/
13 silly mapToRegistry data Result {
13 silly mapToRegistry   raw: 'cors',
13 silly mapToRegistry   scope: null,
13 silly mapToRegistry   escapedName: 'cors',
13 silly mapToRegistry   name: 'cors',
13 silly mapToRegistry   rawSpec: '',
13 silly mapToRegistry   spec: 'latest',
13 silly mapToRegistry   type: 'tag' }
14 silly mapToRegistry uri https://registry.npmjs.org/cors
15 silly fetchOtherPackageData –-s
16 silly cache add args [ '–-s', null ]
17 verbose cache add spec –-s
18 silly cache add parsed spec Result {
18 silly cache add   raw: '–-s',
18 silly cache add   scope: null,
18 silly cache add   escapedName: null,
18 silly cache add   name: null,
18 silly cache add   rawSpec: '–-s',
18 silly cache add   spec: 'C:\\ReshmaJadhav\\810\\myPics\\Server\\–-s',
18 silly cache add   type: 'local' }
19 error addLocal Could not install C:\ReshmaJadhav\810\myPics\Server\–-s
20 silly fetchPackageMetaData Error: ENOENT: no such file or directory, open 'C:\ReshmaJadhav\810\myPics\Server\–-s'
20 silly fetchPackageMetaData     at Error (native)
20 silly fetchPackageMetaData  error for –-s { Error: ENOENT: no such file or directory, open 'C:\ReshmaJadhav\810\myPics\Server\–-s'
20 silly fetchPackageMetaData     at Error (native)
20 silly fetchPackageMetaData   errno: -4058,
20 silly fetchPackageMetaData   code: 'ENOENT',
20 silly fetchPackageMetaData   syscall: 'open',
20 silly fetchPackageMetaData   path: 'C:\\ReshmaJadhav\\810\\myPics\\Server\\–-s' }
21 verbose request uri https://registry.npmjs.org/cors
22 verbose request no auth needed
23 info attempt registry request try #1 at 12:05:40 PM
24 verbose request id cf83a23ff7d9e57f
25 verbose etag W/"5a14eeb0-ec59"
26 verbose lastModified Wed, 22 Nov 2017 03:27:44 GMT
27 http request GET https://registry.npmjs.org/cors
28 info retry will retry, error on last attempt: TypeError: The header content contains invalid characters
29 info attempt registry request try #2 at 12:05:50 PM
30 verbose etag W/"5a14eeb0-ec59"
31 verbose lastModified Wed, 22 Nov 2017 03:27:44 GMT
32 http request GET https://registry.npmjs.org/cors
33 info retry will retry, error on last attempt: TypeError: The header content contains invalid characters
34 info attempt registry request try #3 at 12:06:50 PM
35 verbose etag W/"5a14eeb0-ec59"
36 verbose lastModified Wed, 22 Nov 2017 03:27:44 GMT
37 http request GET https://registry.npmjs.org/cors
38 silly get cb [ 304, undefined ]
39 verbose etag https://registry.npmjs.org/cors from cache
40 verbose get saving cors to C:\Users\indraneel\AppData\Roaming\npm-cache\registry.npmjs.org\cors\.cache.json
41 verbose correctMkdir C:\Users\indraneel\AppData\Roaming\npm-cache correctMkdir not in flight; initializing
42 silly rollbackFailedOptional Starting
43 silly rollbackFailedOptional Finishing
44 silly runTopLevelLifecycles Finishing
45 silly install printInstalled
46 verbose stack Error: ENOENT: no such file or directory, open 'C:\ReshmaJadhav\810\myPics\Server\–-s'
46 verbose stack     at Error (native)
47 verbose cwd C:\ReshmaJadhav\810\myPics\Server
48 error Windows_NT 6.1.7601
49 error argv "C:\\Program Files\\nodejs\\node.exe" "C:\\Program Files\\nodejs\\node_modules\\npm\\bin\\npm-cli.js" "install" "cors" "–-s"
50 error node v6.11.3
51 error npm  v3.10.10
52 error path C:\ReshmaJadhav\810\myPics\Server\–-s
53 error code ENOENT
54 error errno -4058
55 error syscall open
56 error enoent ENOENT: no such file or directory, open 'C:\ReshmaJadhav\810\myPics\Server\–-s'
57 error enoent ENOENT: no such file or directory, open 'C:\ReshmaJadhav\810\myPics\Server\–-s'
57 error enoent This is most likely not a problem with npm itself
57 error enoent and is related to npm not being able to find a file.
58 verbose exit [ -4058, true ]
